0 verbose cli C:\Users\drips\AppData\Roaming\nvm\v23.10.0\node.exe C:\Users\drips\AppData\Roaming\nvm\v23.10.0\node_modules\npm\bin\npm-cli.js
1 info using npm@10.9.2
2 info using node@v23.10.0
3 silly config load:file:C:\Users\drips\AppData\Roaming\nvm\v23.10.0\node_modules\npm\npmrc
4 silly config load:file:d:\ai-detective-frontend\.npmrc
5 silly config load:file:C:\Users\drips\.npmrc
6 silly config load:file:C:\Users\drips\AppData\Roaming\nvm\v23.10.0\etc\npmrc
7 verbose title npm create vite@latest ./ --template vanilla
8 verbose argv "create" "vite@latest" "./" "--" "--template" "vanilla"
9 verbose logfile logs-max:10 dir:D:\ai-detective-frontend\.npm-cache\_logs\2026-02-15T09_06_03_795Z-
10 verbose logfile D:\ai-detective-frontend\.npm-cache\_logs\2026-02-15T09_06_03_795Z-debug-0.log
11 silly logfile done cleaning log files
12 silly packumentCache heap:4345298944 maxSize:1086324736 maxEntrySize:543162368
13 http fetch GET 200 https://registry.npmjs.org/create-vite 316ms (cache miss)
14 http fetch GET 200 https://registry.npmjs.org/npm 482ms
15 silly packumentCache heap:4345298944 maxSize:1086324736 maxEntrySize:543162368
16 warn exec The following package was not found and will be installed: create-vite@8.3.0
17 silly idealTree buildDeps
18 silly fetch manifest create-vite@8.3.0
19 silly packumentCache full:https://registry.npmjs.org/create-vite cache-miss
20 http fetch GET 200 https://registry.npmjs.org/create-vite 336ms (cache miss)
21 silly packumentCache full:https://registry.npmjs.org/create-vite set size:undefined disposed:false
22 silly placeDep ROOT create-vite@8.3.0 OK for:  want: 8.3.0
23 silly reify moves {}
24 silly audit bulk request { 'create-vite': [ '8.3.0' ] }
25 http cache create-vite@https://registry.npmjs.org/create-vite/-/create-vite-8.3.0.tgz 0ms (cache hit)
26 silly tarball no local data for create-vite@https://registry.npmjs.org/create-vite/-/create-vite-8.3.0.tgz. Extracting by manifest.
27 http fetch POST 200 https://registry.npmjs.org/-/npm/v1/security/advisories/bulk 285ms
28 silly audit report {}
29 http fetch GET 200 https://registry.npmjs.org/create-vite/-/create-vite-8.3.0.tgz 702ms (cache miss)
30 verbose cwd d:\ai-detective-frontend
31 verbose os Windows_NT 10.0.22631
32 verbose node v23.10.0
33 verbose npm  v10.9.2
34 notice
34 notice New major version of npm available! 10.9.2 -> 11.10.0
34 notice Changelog: https://github.com/npm/cli/releases/tag/v11.10.0
34 notice To update run: npm install -g npm@11.10.0
34 notice  { force: true, [Symbol(proc-log.meta)]: true }
35 verbose exit 0
36 info ok
